{"message":"starting asch-redeploy...","level":"verbose"}
{"message":"NODE_ENV: undefined","level":"verbose"}
{"meta":"green.inverse","level":"info","message":"Check folder structure in /home/bass/testomgeving/javascript-racer"}
{"meta":"green.underline","level":"info","message":"contract/ ✓"}
{"meta":"green.underline","level":"info","message":"interface/ ✓"}
{"meta":"green.underline","level":"info","message":"model/ ✓"}
{"meta":"green.underline","level":"info","message":"public/ ✓"}
{"meta":"green.underline","level":"info","message":"init.js file ✓"}
{"meta":"inverse","level":"info","message":"starting asch-node in \"/home/bass/testomgeving/asch\" on port 4096"}
{"message":"waiting for 7000ms","level":"verbose"}
{"message":"starting to orchestrate...","level":"verbose"}
{"meta":"white.inverse","level":"info","message":"files are watched in userDevDir: /home/bass/testomgeving/javascript-racer"}
{"meta":"white.underline","level":"info","message":"interface/**.js"}
{"meta":"white.underline","level":"info","message":"model/**.js"}
{"meta":"white.underline","level":"info","message":"contract/**.js"}
{"meta":"white.underline","level":"info","message":"init.js"}
{"message":"register dapp...","level":"info"}
{"message":"finished watching files...","level":"info"}
{"meta":"green","level":"info","message":"check balance..."}
{"message":"in sendMoney()","level":"verbose"}
{"message":"in fetchAddressAndBalancewithSecret()","level":"verbose"}
{"message":"get account information from \"someone manual strong movie roof episode eight spatial brown soldier soup motor\"","level":"verbose"}
{"message":"in hasGenesisAccountEnoughMoney()","level":"verbose"}
{"message":"has genesisAccount a balance greater 50000?","level":"verbose"}
{"message":"in saveGenesisAccountData()","level":"verbose"}
{"message":"in fetchAddressAndBalancewithSecret()","level":"verbose"}
{"message":"get account information from \"sentence weasel match weather apple onion release keen lens deal fruit matrix\"","level":"verbose"}
{"message":"in hasDappAccountEnoughMoney()","level":"verbose"}
{"message":"has dappAccount a balance greater 1000?","level":"verbose"}
{"message":"enough money on account. No transfer needed. Balance is 12098.7","level":"verbose"}
{"meta":"green","level":"info","message":"starting to register Dapp..."}
{"message":"dapp: {\n  \"name\": \"test-VPfPipouUcyK\",\n  \"link\": \"https://test-cVdvmBhCDgHc.zip\",\n  \"category\": 1,\n  \"description\": \"A hello world demo for asch dapp\",\n  \"tags\": \"asch,dapp,demo\",\n  \"icon\": \"http://o7dyh3w0x.bkt.clouddn.com/hello.png\",\n  \"type\": 0,\n  \"delegates\": [\n    \"db18d5799944030f76b6ce0879b1ca4b0c2c1cee51f53ce9b43f78259950c2fd\",\n    \"590e28d2964b0aa4d7c7b98faee4676d467606c6761f7f41f99c52bb4813b5e4\",\n    \"bfe511158d674c3a1e21111223a49770bee93611d998e88a5d2ea3145de2b68b\",\n    \"7bbf62931cf3c596591a580212631aff51d6bc0577c54769953caadb23f6ab00\",\n    \"452df9213aedb3b9fed6db3e2ea9f49d3db226e2dac01828bc3dcd73b7a953b4\"\n  ],\n  \"unlockDelegates\": 3\n}","level":"info"}
{"meta":"green.inverse","level":"info","message":"DAPP registered, DappId: 92b5a91416dfabea5bc8d059d5b3a831749e9862be9363b14fec82357f447b57"}
{"meta":"blue.inverse","level":"info","message":"dappId \"92b5a91416dfabea5bc8d059d5b3a831749e9862be9363b14fec82357f447b57\" successfully added to \"../asch/config.json\""}
{"message":"wait for: 10000","level":"verbose"}
{"meta":"green.inverse","level":"verbose","message":"stopping asch-Server for restart"}
{"meta":"inverse.blue","level":"warn","message":"sending SIGTERM signal to child process"}
{"meta":"green.inverse","level":"verbose","message":"stopping asch-server"}
{"meta":"inverse.blue","level":"info","message":"asch-node exited with code: \"1\""}
{"message":"asch-node terminated with code 1","level":"warn"}
{"meta":"green.inverse","level":"info","message":"starting asch node"}
{"meta":"inverse","level":"info","message":"starting asch-node in \"/home/bass/testomgeving/asch\" on port 4096"}
{"message":"DAPP refuel with 500 XAS, transactionId: \"e7e6b55957f9f9c98bec6a43efc27a3b7e082a8bec776a3ab667c3382086924f\"","level":"info"}
{"message":"sleep for 3000ms","level":"verbose"}
{"message":"waiting for file changes...","level":"info"}
{"meta":"inverse","level":"warn","message":"SIGTERM"}
{"message":"starting asch-redeploy...","level":"verbose"}
{"message":"NODE_ENV: undefined","level":"verbose"}
{"meta":"green.inverse","level":"info","message":"Check folder structure in /home/bass/testomgeving/javascript-racer"}
{"meta":"green.underline","level":"info","message":"contract/ ✓"}
{"meta":"green.underline","level":"info","message":"interface/ ✓"}
{"meta":"green.underline","level":"info","message":"model/ ✓"}
{"meta":"green.underline","level":"info","message":"public/ ✓"}
{"meta":"green.underline","level":"info","message":"init.js file ✓"}
{"meta":"inverse","level":"info","message":"starting asch-node in \"/home/bass/testomgeving/asch\" on port 4096"}
{"message":"waiting for 7000ms","level":"verbose"}
{"message":"starting to orchestrate...","level":"verbose"}
{"meta":"white.inverse","level":"info","message":"files are watched in userDevDir: /home/bass/testomgeving/javascript-racer"}
{"meta":"white.underline","level":"info","message":"interface/**.js"}
{"meta":"white.underline","level":"info","message":"model/**.js"}
{"meta":"white.underline","level":"info","message":"contract/**.js"}
{"meta":"white.underline","level":"info","message":"init.js"}
{"message":"register dapp...","level":"info"}
{"message":"finished watching files...","level":"info"}
{"meta":"green","level":"info","message":"check balance..."}
{"message":"in sendMoney()","level":"verbose"}
{"message":"in fetchAddressAndBalancewithSecret()","level":"verbose"}
{"message":"get account information from \"someone manual strong movie roof episode eight spatial brown soldier soup motor\"","level":"verbose"}
{"message":"in hasGenesisAccountEnoughMoney()","level":"verbose"}
{"message":"has genesisAccount a balance greater 50000?","level":"verbose"}
{"message":"in saveGenesisAccountData()","level":"verbose"}
{"message":"in fetchAddressAndBalancewithSecret()","level":"verbose"}
{"message":"get account information from \"sentence weasel match weather apple onion release keen lens deal fruit matrix\"","level":"verbose"}
{"message":"in hasDappAccountEnoughMoney()","level":"verbose"}
{"message":"has dappAccount a balance greater 1000?","level":"verbose"}
{"message":"enough money on account. No transfer needed. Balance is 11498.6","level":"verbose"}
{"meta":"green","level":"info","message":"starting to register Dapp..."}
{"message":"dapp: {\n  \"name\": \"test-IhCYTaRMgYjF\",\n  \"link\": \"https://test-sEfuyHyWxapJ.zip\",\n  \"category\": 1,\n  \"description\": \"A hello world demo for asch dapp\",\n  \"tags\": \"asch,dapp,demo\",\n  \"icon\": \"http://o7dyh3w0x.bkt.clouddn.com/hello.png\",\n  \"type\": 0,\n  \"delegates\": [\n    \"db18d5799944030f76b6ce0879b1ca4b0c2c1cee51f53ce9b43f78259950c2fd\",\n    \"590e28d2964b0aa4d7c7b98faee4676d467606c6761f7f41f99c52bb4813b5e4\",\n    \"bfe511158d674c3a1e21111223a49770bee93611d998e88a5d2ea3145de2b68b\",\n    \"7bbf62931cf3c596591a580212631aff51d6bc0577c54769953caadb23f6ab00\",\n    \"452df9213aedb3b9fed6db3e2ea9f49d3db226e2dac01828bc3dcd73b7a953b4\"\n  ],\n  \"unlockDelegates\": 3\n}","level":"info"}
{"meta":"green.inverse","level":"info","message":"DAPP registered, DappId: df583d75dad8b58460828460399a1a4737a4841a92d304d3217f41bc771194aa"}
{"meta":"blue.inverse","level":"info","message":"dappId \"df583d75dad8b58460828460399a1a4737a4841a92d304d3217f41bc771194aa\" successfully added to \"../asch/config.json\""}
{"message":"wait for: 10000","level":"verbose"}
{"meta":"green.inverse","level":"verbose","message":"stopping asch-Server for restart"}
{"meta":"inverse.blue","level":"warn","message":"sending SIGTERM signal to child process"}
{"meta":"green.inverse","level":"verbose","message":"stopping asch-server"}
{"meta":"inverse.blue","level":"info","message":"asch-node exited with code: \"1\""}
{"message":"asch-node terminated with code 1","level":"warn"}
{"meta":"green.inverse","level":"info","message":"starting asch node"}
{"meta":"inverse","level":"info","message":"starting asch-node in \"/home/bass/testomgeving/asch\" on port 4096"}
{"message":"DAPP refuel with 500 XAS, transactionId: \"a81fdde943350ba48f7d2733cdd71073a4d7a9437256044e0ba7352506b71c91\"","level":"info"}
{"message":"sleep for 3000ms","level":"verbose"}
{"message":"waiting for file changes...","level":"info"}
{"meta":"inverse","level":"warn","message":"SIGTERM"}
{"message":"starting asch-redeploy...","level":"verbose"}
{"message":"NODE_ENV: undefined","level":"verbose"}
{"meta":"green.inverse","level":"info","message":"Check folder structure in /home/bass/testomgeving/javascript-racer"}
{"meta":"green.underline","level":"info","message":"contract/ ✓"}
{"meta":"green.underline","level":"info","message":"interface/ ✓"}
{"meta":"green.underline","level":"info","message":"model/ ✓"}
{"meta":"green.underline","level":"info","message":"public/ ✓"}
{"meta":"green.underline","level":"info","message":"init.js file ✓"}
{"meta":"inverse","level":"info","message":"starting asch-node in \"/home/bass/testomgeving/asch\" on port 4096"}
{"message":"waiting for 7000ms","level":"verbose"}
{"message":"starting to orchestrate...","level":"verbose"}
{"meta":"white.inverse","level":"info","message":"files are watched in userDevDir: /home/bass/testomgeving/javascript-racer"}
{"meta":"white.underline","level":"info","message":"interface/**.js"}
{"meta":"white.underline","level":"info","message":"model/**.js"}
{"meta":"white.underline","level":"info","message":"contract/**.js"}
{"meta":"white.underline","level":"info","message":"init.js"}
{"message":"register dapp...","level":"info"}
{"message":"finished watching files...","level":"info"}
{"meta":"green","level":"info","message":"check balance..."}
{"message":"in sendMoney()","level":"verbose"}
{"message":"in fetchAddressAndBalancewithSecret()","level":"verbose"}
{"message":"get account information from \"someone manual strong movie roof episode eight spatial brown soldier soup motor\"","level":"verbose"}
{"message":"in hasGenesisAccountEnoughMoney()","level":"verbose"}
{"message":"has genesisAccount a balance greater 50000?","level":"verbose"}
{"message":"in saveGenesisAccountData()","level":"verbose"}
{"message":"in fetchAddressAndBalancewithSecret()","level":"verbose"}
{"message":"get account information from \"sentence weasel match weather apple onion release keen lens deal fruit matrix\"","level":"verbose"}
{"message":"in hasDappAccountEnoughMoney()","level":"verbose"}
{"message":"has dappAccount a balance greater 1000?","level":"verbose"}
{"message":"enough money on account. No transfer needed. Balance is 10898.5","level":"verbose"}
{"meta":"green","level":"info","message":"starting to register Dapp..."}
{"message":"dapp: {\n  \"name\": \"test-JMYiXMnWBtyG\",\n  \"link\": \"https://test-gCFkcysFDjTf.zip\",\n  \"category\": 1,\n  \"description\": \"A hello world demo for asch dapp\",\n  \"tags\": \"asch,dapp,demo\",\n  \"icon\": \"http://o7dyh3w0x.bkt.clouddn.com/hello.png\",\n  \"type\": 0,\n  \"delegates\": [\n    \"db18d5799944030f76b6ce0879b1ca4b0c2c1cee51f53ce9b43f78259950c2fd\",\n    \"590e28d2964b0aa4d7c7b98faee4676d467606c6761f7f41f99c52bb4813b5e4\",\n    \"bfe511158d674c3a1e21111223a49770bee93611d998e88a5d2ea3145de2b68b\",\n    \"7bbf62931cf3c596591a580212631aff51d6bc0577c54769953caadb23f6ab00\",\n    \"452df9213aedb3b9fed6db3e2ea9f49d3db226e2dac01828bc3dcd73b7a953b4\"\n  ],\n  \"unlockDelegates\": 3\n}","level":"info"}
{"meta":"green.inverse","level":"info","message":"DAPP registered, DappId: fc57ebae078c29ad8687e633b16ca0ba4a711374417598e5bf9ec4a52dc03a60"}
{"meta":"blue.inverse","level":"info","message":"dappId \"fc57ebae078c29ad8687e633b16ca0ba4a711374417598e5bf9ec4a52dc03a60\" successfully added to \"../asch/config.json\""}
{"message":"wait for: 10000","level":"verbose"}
{"meta":"green.inverse","level":"verbose","message":"stopping asch-Server for restart"}
{"meta":"inverse.blue","level":"warn","message":"sending SIGTERM signal to child process"}
{"meta":"green.inverse","level":"verbose","message":"stopping asch-server"}
{"meta":"inverse.blue","level":"info","message":"asch-node exited with code: \"1\""}
{"message":"asch-node terminated with code 1","level":"warn"}
{"meta":"green.inverse","level":"info","message":"starting asch node"}
{"meta":"inverse","level":"info","message":"starting asch-node in \"/home/bass/testomgeving/asch\" on port 4096"}
{"message":"DAPP refuel with 500 XAS, transactionId: \"c3399c871f620ff603054c02b2c989e1432675957a456f0414253402b88ee801\"","level":"info"}
{"message":"sleep for 3000ms","level":"verbose"}
{"message":"waiting for file changes...","level":"info"}
