{"message":"starting asch-redeploy...","level":"verbose"}
{"message":"NODE_ENV: undefined","level":"verbose"}
{"meta":"green.inverse","level":"info","message":"Check folder structure in /home/bass/testomgeving/javascript-racer"}
{"meta":"green.underline","level":"info","message":"contract/ ✓"}
{"meta":"green.underline","level":"info","message":"interface/ ✓"}
{"meta":"green.underline","level":"info","message":"model/ ✓"}
{"meta":"green.underline","level":"info","message":"public/ ✓"}
{"meta":"green.underline","level":"info","message":"init.js file ✓"}
{"meta":"inverse","level":"info","message":"starting asch-node in \"/home/bass/testomgeving/asch\" on port 4096"}
{"message":"waiting for 7000ms","level":"verbose"}
{"message":"starting to orchestrate...","level":"verbose"}
{"meta":"white.inverse","level":"info","message":"files are watched in userDevDir: /home/bass/testomgeving/javascript-racer"}
{"meta":"white.underline","level":"info","message":"interface/**.js"}
{"meta":"white.underline","level":"info","message":"model/**.js"}
{"meta":"white.underline","level":"info","message":"contract/**.js"}
{"meta":"white.underline","level":"info","message":"init.js"}
{"message":"register dapp...","level":"info"}
{"message":"finished watching files...","level":"info"}
{"meta":"green","level":"info","message":"check balance..."}
{"message":"in sendMoney()","level":"verbose"}
{"message":"in fetchAddressAndBalancewithSecret()","level":"verbose"}
{"message":"get account information from \"someone manual strong movie roof episode eight spatial brown soldier soup motor\"","level":"verbose"}
{"message":"in hasGenesisAccountEnoughMoney()","level":"verbose"}
{"message":"has genesisAccount a balance greater 50000?","level":"verbose"}
{"message":"in saveGenesisAccountData()","level":"verbose"}
{"message":"in fetchAddressAndBalancewithSecret()","level":"verbose"}
{"message":"get account information from \"sentence weasel match weather apple onion release keen lens deal fruit matrix\"","level":"verbose"}
{"message":"in hasDappAccountEnoughMoney()","level":"verbose"}
{"message":"has dappAccount a balance greater 1000?","level":"verbose"}
{"message":"dappAccount has only balance of 0 XAS. Account needs a recharge","level":"verbose"}
{"message":"in saveDappAccountData()","level":"verbose"}
{"message":"in transfer()","level":"verbose"}
{"message":"error in worklflow.js occured","level":"verbose"}
{"message":"ERROR OCCURED","level":"error"}
{"message":"throw in conductor.js line 62","level":"verbose"}
{"message":"Request failed with status code 500","level":"error"}
{"message":"Error: Request failed with status code 500\n    at createError (/usr/local/lib/node_modules/asch-redeploy/node_modules/axios/lib/core/createError.js:16:15)\n    at settle (/usr/local/lib/node_modules/asch-redeploy/node_modules/axios/lib/core/settle.js:18:12)\n    at IncomingMessage.handleStreamEnd (/usr/local/lib/node_modules/asch-redeploy/node_modules/axios/lib/adapters/http.js:201:11)\n    at emitNone (events.js:111:20)\n    at IncomingMessage.emit (events.js:208:7)\n    at endReadableNT (_stream_readable.js:1064:12)\n    at _combinedTickCallback (internal/process/next_tick.js:138:11)\n    at process._tickCallback (internal/process/next_tick.js:180:9)","level":"error"}
{"meta":"blue.inverse","level":"info","message":"SIGINT send"}
{"message":"starting asch-redeploy...","level":"verbose"}
{"message":"NODE_ENV: undefined","level":"verbose"}
{"meta":"green.inverse","level":"info","message":"Check folder structure in /home/bass/testomgeving/javascript-racer"}
{"meta":"green.underline","level":"info","message":"contract/ ✓"}
{"meta":"green.underline","level":"info","message":"interface/ ✓"}
{"meta":"green.underline","level":"info","message":"model/ ✓"}
{"meta":"green.underline","level":"info","message":"public/ ✓"}
{"meta":"green.underline","level":"info","message":"init.js file ✓"}
{"meta":"inverse","level":"info","message":"starting asch-node in \"/home/bass/testomgeving/asch\" on port 4096"}
{"message":"waiting for 7000ms","level":"verbose"}
{"message":"starting to orchestrate...","level":"verbose"}
{"meta":"white.inverse","level":"info","message":"files are watched in userDevDir: /home/bass/testomgeving/javascript-racer"}
{"meta":"white.underline","level":"info","message":"interface/**.js"}
{"meta":"white.underline","level":"info","message":"model/**.js"}
{"meta":"white.underline","level":"info","message":"contract/**.js"}
{"meta":"white.underline","level":"info","message":"init.js"}
{"message":"register dapp...","level":"info"}
{"message":"finished watching files...","level":"info"}
{"meta":"green","level":"info","message":"check balance..."}
{"message":"in sendMoney()","level":"verbose"}
{"message":"in fetchAddressAndBalancewithSecret()","level":"verbose"}
{"message":"get account information from \"someone manual strong movie roof episode eight spatial brown soldier soup motor\"","level":"verbose"}
{"message":"in hasGenesisAccountEnoughMoney()","level":"verbose"}
{"message":"has genesisAccount a balance greater 50000?","level":"verbose"}
{"message":"in saveGenesisAccountData()","level":"verbose"}
{"message":"in fetchAddressAndBalancewithSecret()","level":"verbose"}
{"message":"get account information from \"sentence weasel match weather apple onion release keen lens deal fruit matrix\"","level":"verbose"}
{"message":"in hasDappAccountEnoughMoney()","level":"verbose"}
{"message":"has dappAccount a balance greater 1000?","level":"verbose"}
{"message":"enough money on account. No transfer needed. Balance is 2397.1","level":"verbose"}
{"meta":"green","level":"info","message":"starting to register Dapp..."}
{"message":"dapp: {\n  \"name\": \"test-eJfKNulXsHvf\",\n  \"link\": \"https://test-ekFCBkHIStas.zip\",\n  \"category\": 1,\n  \"description\": \"A hello world demo for asch dapp\",\n  \"tags\": \"asch,dapp,demo\",\n  \"icon\": \"http://o7dyh3w0x.bkt.clouddn.com/hello.png\",\n  \"type\": 0,\n  \"delegates\": [\n    \"db18d5799944030f76b6ce0879b1ca4b0c2c1cee51f53ce9b43f78259950c2fd\",\n    \"590e28d2964b0aa4d7c7b98faee4676d467606c6761f7f41f99c52bb4813b5e4\",\n    \"bfe511158d674c3a1e21111223a49770bee93611d998e88a5d2ea3145de2b68b\",\n    \"7bbf62931cf3c596591a580212631aff51d6bc0577c54769953caadb23f6ab00\",\n    \"452df9213aedb3b9fed6db3e2ea9f49d3db226e2dac01828bc3dcd73b7a953b4\"\n  ],\n  \"unlockDelegates\": 3\n}","level":"info"}
{"meta":"green.inverse","level":"info","message":"DAPP registered, DappId: c215f4c8c0c2871775c0c4498e79a71fa7ea0519ab11e478bd861a8738dd4221"}
{"meta":"blue.inverse","level":"info","message":"dappId \"c215f4c8c0c2871775c0c4498e79a71fa7ea0519ab11e478bd861a8738dd4221\" successfully added to \"../asch/config.json\""}
{"message":"wait for: 10000","level":"verbose"}
{"meta":"green.inverse","level":"verbose","message":"stopping asch-Server for restart"}
{"meta":"inverse.blue","level":"warn","message":"sending SIGTERM signal to child process"}
{"meta":"green.inverse","level":"verbose","message":"stopping asch-server"}
{"meta":"inverse.blue","level":"info","message":"asch-node exited with code: \"1\""}
{"message":"asch-node terminated with code 1","level":"warn"}
{"meta":"green.inverse","level":"info","message":"starting asch node"}
{"meta":"inverse","level":"info","message":"starting asch-node in \"/home/bass/testomgeving/asch\" on port 4096"}
{"message":"error in worklflow.js occured","level":"verbose"}
{"message":"ERROR OCCURED","level":"error"}
{"message":"throw in conductor.js line 62","level":"verbose"}
{"message":"Request failed with status code 500","level":"error"}
{"message":"Error: Request failed with status code 500\n    at createError (/usr/local/lib/node_modules/asch-redeploy/node_modules/axios/lib/core/createError.js:16:15)\n    at settle (/usr/local/lib/node_modules/asch-redeploy/node_modules/axios/lib/core/settle.js:18:12)\n    at IncomingMessage.handleStreamEnd (/usr/local/lib/node_modules/asch-redeploy/node_modules/axios/lib/adapters/http.js:201:11)\n    at emitNone (events.js:111:20)\n    at IncomingMessage.emit (events.js:208:7)\n    at endReadableNT (_stream_readable.js:1064:12)\n    at _combinedTickCallback (internal/process/next_tick.js:138:11)\n    at process._tickCallback (internal/process/next_tick.js:180:9)","level":"error"}
{"meta":"blue.inverse","level":"info","message":"SIGINT send"}
{"message":"starting asch-redeploy...","level":"verbose"}
{"message":"NODE_ENV: undefined","level":"verbose"}
{"meta":"green.inverse","level":"info","message":"Check folder structure in /home/bass/testomgeving/javascript-racer"}
{"meta":"green.underline","level":"info","message":"contract/ ✓"}
{"meta":"green.underline","level":"info","message":"interface/ ✓"}
{"meta":"green.underline","level":"info","message":"model/ ✓"}
{"meta":"green.underline","level":"info","message":"public/ ✓"}
{"meta":"green.underline","level":"info","message":"init.js file ✓"}
{"meta":"inverse","level":"info","message":"starting asch-node in \"/home/bass/testomgeving/asch\" on port 4096"}
{"message":"waiting for 7000ms","level":"verbose"}
{"message":"starting to orchestrate...","level":"verbose"}
{"meta":"white.inverse","level":"info","message":"files are watched in userDevDir: /home/bass/testomgeving/javascript-racer"}
{"meta":"white.underline","level":"info","message":"interface/**.js"}
{"meta":"white.underline","level":"info","message":"model/**.js"}
{"meta":"white.underline","level":"info","message":"contract/**.js"}
{"meta":"white.underline","level":"info","message":"init.js"}
{"message":"register dapp...","level":"info"}
{"message":"finished watching files...","level":"info"}
{"meta":"green","level":"info","message":"check balance..."}
{"message":"in sendMoney()","level":"verbose"}
{"message":"in fetchAddressAndBalancewithSecret()","level":"verbose"}
{"message":"get account information from \"someone manual strong movie roof episode eight spatial brown soldier soup motor\"","level":"verbose"}
{"message":"in hasGenesisAccountEnoughMoney()","level":"verbose"}
{"message":"has genesisAccount a balance greater 50000?","level":"verbose"}
{"message":"in saveGenesisAccountData()","level":"verbose"}
{"message":"in fetchAddressAndBalancewithSecret()","level":"verbose"}
{"message":"get account information from \"sentence weasel match weather apple onion release keen lens deal fruit matrix\"","level":"verbose"}
{"message":"in hasDappAccountEnoughMoney()","level":"verbose"}
{"message":"has dappAccount a balance greater 1000?","level":"verbose"}
{"message":"enough money on account. No transfer needed. Balance is 2297.1","level":"verbose"}
{"meta":"green","level":"info","message":"starting to register Dapp..."}
{"message":"dapp: {\n  \"name\": \"test-PjkriXlZlQpW\",\n  \"link\": \"https://test-bDzaspxExKLa.zip\",\n  \"category\": 1,\n  \"description\": \"A hello world demo for asch dapp\",\n  \"tags\": \"asch,dapp,demo\",\n  \"icon\": \"http://o7dyh3w0x.bkt.clouddn.com/hello.png\",\n  \"type\": 0,\n  \"delegates\": [\n    \"db18d5799944030f76b6ce0879b1ca4b0c2c1cee51f53ce9b43f78259950c2fd\",\n    \"590e28d2964b0aa4d7c7b98faee4676d467606c6761f7f41f99c52bb4813b5e4\",\n    \"bfe511158d674c3a1e21111223a49770bee93611d998e88a5d2ea3145de2b68b\",\n    \"7bbf62931cf3c596591a580212631aff51d6bc0577c54769953caadb23f6ab00\",\n    \"452df9213aedb3b9fed6db3e2ea9f49d3db226e2dac01828bc3dcd73b7a953b4\"\n  ],\n  \"unlockDelegates\": 3\n}","level":"info"}
{"meta":"green.inverse","level":"info","message":"DAPP registered, DappId: d2e5ba11c809fdebcce070c61c93b7087c417cf93d5a84aa0eb60e70a31bc9a3"}
{"meta":"blue.inverse","level":"info","message":"dappId \"d2e5ba11c809fdebcce070c61c93b7087c417cf93d5a84aa0eb60e70a31bc9a3\" successfully added to \"../asch/config.json\""}
{"message":"wait for: 10000","level":"verbose"}
{"meta":"green.inverse","level":"verbose","message":"stopping asch-Server for restart"}
{"meta":"inverse.blue","level":"warn","message":"sending SIGTERM signal to child process"}
{"meta":"green.inverse","level":"verbose","message":"stopping asch-server"}
{"meta":"inverse.blue","level":"info","message":"asch-node exited with code: \"1\""}
{"message":"asch-node terminated with code 1","level":"warn"}
{"meta":"green.inverse","level":"info","message":"starting asch node"}
{"meta":"inverse","level":"info","message":"starting asch-node in \"/home/bass/testomgeving/asch\" on port 4096"}
{"message":"DAPP refuel with 500 XAS, transactionId: \"f47b8440b219b3dd243db9b6ae37438be4252072ae419bc662199cf47dba4f69\"","level":"info"}
{"message":"sleep for 3000ms","level":"verbose"}
{"message":"waiting for file changes...","level":"info"}
{"meta":"inverse","level":"warn","message":"SIGTERM"}
{"message":"starting asch-redeploy...","level":"verbose"}
{"message":"NODE_ENV: undefined","level":"verbose"}
{"meta":"green.inverse","level":"info","message":"Check folder structure in /home/bass/testomgeving/javascript-racer"}
{"meta":"green.underline","level":"info","message":"contract/ ✓"}
{"meta":"green.underline","level":"info","message":"interface/ ✓"}
{"meta":"green.underline","level":"info","message":"model/ ✓"}
{"meta":"green.underline","level":"info","message":"public/ ✓"}
{"meta":"green.underline","level":"info","message":"init.js file ✓"}
{"meta":"inverse","level":"info","message":"starting asch-node in \"/home/bass/testomgeving/asch\" on port 4096"}
{"message":"waiting for 7000ms","level":"verbose"}
{"message":"starting to orchestrate...","level":"verbose"}
{"meta":"white.inverse","level":"info","message":"files are watched in userDevDir: /home/bass/testomgeving/javascript-racer"}
{"meta":"white.underline","level":"info","message":"interface/**.js"}
{"meta":"white.underline","level":"info","message":"model/**.js"}
{"meta":"white.underline","level":"info","message":"contract/**.js"}
{"meta":"white.underline","level":"info","message":"init.js"}
{"message":"register dapp...","level":"info"}
{"message":"finished watching files...","level":"info"}
{"meta":"green","level":"info","message":"check balance..."}
{"message":"in sendMoney()","level":"verbose"}
{"message":"in fetchAddressAndBalancewithSecret()","level":"verbose"}
{"message":"get account information from \"someone manual strong movie roof episode eight spatial brown soldier soup motor\"","level":"verbose"}
{"message":"error in worklflow.js occured","level":"verbose"}
{"message":"ERROR OCCURED","level":"error"}
{"message":"throw in conductor.js line 62","level":"verbose"}
{"message":"Request failed with status code 500","level":"error"}
{"message":"Error: Request failed with status code 500\n    at createError (/usr/local/lib/node_modules/asch-redeploy/node_modules/axios/lib/core/createError.js:16:15)\n    at settle (/usr/local/lib/node_modules/asch-redeploy/node_modules/axios/lib/core/settle.js:18:12)\n    at IncomingMessage.handleStreamEnd (/usr/local/lib/node_modules/asch-redeploy/node_modules/axios/lib/adapters/http.js:201:11)\n    at emitNone (events.js:111:20)\n    at IncomingMessage.emit (events.js:208:7)\n    at endReadableNT (_stream_readable.js:1064:12)\n    at _combinedTickCallback (internal/process/next_tick.js:138:11)\n    at process._tickCallback (internal/process/next_tick.js:180:9)","level":"error"}
{"meta":"blue.inverse","level":"info","message":"SIGINT send"}
{"message":"starting asch-redeploy...","level":"verbose"}
{"message":"NODE_ENV: undefined","level":"verbose"}
{"meta":"green.inverse","level":"info","message":"Check folder structure in /home/bass/testomgeving/javascript-racer"}
{"meta":"green.underline","level":"info","message":"contract/ ✓"}
{"meta":"green.underline","level":"info","message":"interface/ ✓"}
{"meta":"green.underline","level":"info","message":"model/ ✓"}
{"meta":"green.underline","level":"info","message":"public/ ✓"}
{"meta":"green.underline","level":"info","message":"init.js file ✓"}
{"meta":"inverse","level":"info","message":"starting asch-node in \"/home/bass/testomgeving/asch\" on port 4096"}
{"message":"waiting for 7000ms","level":"verbose"}
{"message":"starting to orchestrate...","level":"verbose"}
{"meta":"white.inverse","level":"info","message":"files are watched in userDevDir: /home/bass/testomgeving/javascript-racer"}
{"meta":"white.underline","level":"info","message":"interface/**.js"}
{"meta":"white.underline","level":"info","message":"model/**.js"}
{"meta":"white.underline","level":"info","message":"contract/**.js"}
{"meta":"white.underline","level":"info","message":"init.js"}
{"message":"register dapp...","level":"info"}
{"message":"finished watching files...","level":"info"}
{"meta":"green","level":"info","message":"check balance..."}
{"message":"in sendMoney()","level":"verbose"}
{"message":"in fetchAddressAndBalancewithSecret()","level":"verbose"}
{"message":"get account information from \"someone manual strong movie roof episode eight spatial brown soldier soup motor\"","level":"verbose"}
{"message":"in hasGenesisAccountEnoughMoney()","level":"verbose"}
{"message":"has genesisAccount a balance greater 50000?","level":"verbose"}
{"message":"in saveGenesisAccountData()","level":"verbose"}
{"message":"in fetchAddressAndBalancewithSecret()","level":"verbose"}
{"message":"get account information from \"sentence weasel match weather apple onion release keen lens deal fruit matrix\"","level":"verbose"}
{"message":"in hasDappAccountEnoughMoney()","level":"verbose"}
{"message":"has dappAccount a balance greater 1000?","level":"verbose"}
{"message":"enough money on account. No transfer needed. Balance is 1697","level":"verbose"}
{"meta":"green","level":"info","message":"starting to register Dapp..."}
{"message":"dapp: {\n  \"name\": \"test-uwbGDbLlkFta\",\n  \"link\": \"https://test-BoEHmdtuNPAR.zip\",\n  \"category\": 1,\n  \"description\": \"A hello world demo for asch dapp\",\n  \"tags\": \"asch,dapp,demo\",\n  \"icon\": \"http://o7dyh3w0x.bkt.clouddn.com/hello.png\",\n  \"type\": 0,\n  \"delegates\": [\n    \"db18d5799944030f76b6ce0879b1ca4b0c2c1cee51f53ce9b43f78259950c2fd\",\n    \"590e28d2964b0aa4d7c7b98faee4676d467606c6761f7f41f99c52bb4813b5e4\",\n    \"bfe511158d674c3a1e21111223a49770bee93611d998e88a5d2ea3145de2b68b\",\n    \"7bbf62931cf3c596591a580212631aff51d6bc0577c54769953caadb23f6ab00\",\n    \"452df9213aedb3b9fed6db3e2ea9f49d3db226e2dac01828bc3dcd73b7a953b4\"\n  ],\n  \"unlockDelegates\": 3\n}","level":"info"}
{"meta":"green.inverse","level":"info","message":"DAPP registered, DappId: 8a22e73351c36ea7675b024525cf252ee55013b2c3fd76edffc899053db5722e"}
{"meta":"blue.inverse","level":"info","message":"dappId \"8a22e73351c36ea7675b024525cf252ee55013b2c3fd76edffc899053db5722e\" successfully added to \"../asch/config.json\""}
{"message":"wait for: 10000","level":"verbose"}
{"meta":"green.inverse","level":"verbose","message":"stopping asch-Server for restart"}
{"meta":"inverse.blue","level":"warn","message":"sending SIGTERM signal to child process"}
{"meta":"green.inverse","level":"verbose","message":"stopping asch-server"}
{"meta":"inverse.blue","level":"info","message":"asch-node exited with code: \"1\""}
{"message":"asch-node terminated with code 1","level":"warn"}
{"meta":"green.inverse","level":"info","message":"starting asch node"}
{"meta":"inverse","level":"info","message":"starting asch-node in \"/home/bass/testomgeving/asch\" on port 4096"}
{"message":"DAPP refuel with 500 XAS, transactionId: \"4b22d0ca19431c1732197f8e987125d28fd37dcde3ebfeb14dc9f3dfa2f623c4\"","level":"info"}
{"message":"sleep for 3000ms","level":"verbose"}
{"message":"waiting for file changes...","level":"info"}
