{"meta":"underline.white","level":"info","message":"change interface/racetime.js"}
{"message":"waiting for 10 seconds after the last change...","level":"info"}
{"message":"waiting for 10 seconds after the last change...","level":"info"}
{"message":"waiting for 10 seconds after the last change...","level":"info"}
{"message":"waiting for 10 seconds after the last change...","level":"info"}
{"message":"waiting for 10 seconds after the last change...","level":"info"}
{"message":"waiting for 10 seconds after the last change...","level":"info"}
{"message":"waiting for 10 seconds after the last change...","level":"info"}
{"message":"waiting for 10 seconds after the last change...","level":"info"}
{"message":"waiting for 10 seconds after the last change...","level":"info"}
{"message":"waiting for 10 seconds after the last change...","level":"info"}
{"message":"finished watching files...","level":"info"}
{"meta":"green","level":"info","message":"check balance..."}
{"message":"in sendMoney()","level":"verbose"}
{"message":"in fetchAddressAndBalancewithSecret()","level":"verbose"}
{"message":"get account information from \"someone manual strong movie roof episode eight spatial brown soldier soup motor\"","level":"verbose"}
{"message":"in hasGenesisAccountEnoughMoney()","level":"verbose"}
{"message":"has genesisAccount a balance greater 50000?","level":"verbose"}
{"message":"in saveGenesisAccountData()","level":"verbose"}
{"message":"in fetchAddressAndBalancewithSecret()","level":"verbose"}
{"message":"get account information from \"sentence weasel match weather apple onion release keen lens deal fruit matrix\"","level":"verbose"}
{"message":"in hasDappAccountEnoughMoney()","level":"verbose"}
{"message":"has dappAccount a balance greater 1000?","level":"verbose"}
{"message":"enough money on account. No transfer needed. Balance is 7097.9","level":"verbose"}
{"meta":"green","level":"info","message":"starting to register Dapp..."}
{"message":"dapp: {\n  \"name\": \"test-sWrVgKsnvEdy\",\n  \"link\": \"https://test-FbxYTRanYUbJ.zip\",\n  \"category\": 1,\n  \"description\": \"A hello world demo for asch dapp\",\n  \"tags\": \"asch,dapp,demo\",\n  \"icon\": \"http://o7dyh3w0x.bkt.clouddn.com/hello.png\",\n  \"type\": 0,\n  \"delegates\": [\n    \"db18d5799944030f76b6ce0879b1ca4b0c2c1cee51f53ce9b43f78259950c2fd\",\n    \"590e28d2964b0aa4d7c7b98faee4676d467606c6761f7f41f99c52bb4813b5e4\",\n    \"bfe511158d674c3a1e21111223a49770bee93611d998e88a5d2ea3145de2b68b\",\n    \"7bbf62931cf3c596591a580212631aff51d6bc0577c54769953caadb23f6ab00\",\n    \"452df9213aedb3b9fed6db3e2ea9f49d3db226e2dac01828bc3dcd73b7a953b4\"\n  ],\n  \"unlockDelegates\": 3\n}","level":"info"}
{"meta":"green.inverse","level":"info","message":"DAPP registered, DappId: 8b341c21b6328223496b79a00a126cedd41c6c2e9e9d2e40992bb071f70789a0"}
{"meta":"blue.inverse","level":"info","message":"dappId \"8b341c21b6328223496b79a00a126cedd41c6c2e9e9d2e40992bb071f70789a0\" successfully added to \"../asch/config.json\""}
{"message":"wait for: 10000","level":"verbose"}
{"meta":"green.inverse","level":"verbose","message":"stopping asch-Server for restart"}
{"meta":"inverse.blue","level":"warn","message":"sending SIGTERM signal to child process"}
{"meta":"green.inverse","level":"verbose","message":"stopping asch-server"}
{"meta":"inverse.blue","level":"info","message":"asch-node exited with code: \"1\""}
{"message":"asch-node terminated with code 1","level":"warn"}
{"meta":"green.inverse","level":"info","message":"starting asch node"}
{"meta":"inverse","level":"info","message":"starting asch-node in \"/home/bass/testomgeving/asch\" on port 4096"}
{"message":"error in worklflow.js occured","level":"verbose"}
{"message":"ERROR OCCURED","level":"error"}
{"message":"throw in conductor.js line 62","level":"verbose"}
{"message":"connect ECONNREFUSED 127.0.0.1:4096","level":"error"}
{"message":"Error: connect ECONNREFUSED 127.0.0.1:4096\n    at Object._errnoException (util.js:1022:11)\n    at _exceptionWithHostPort (util.js:1044:20)\n    at TCPConnectWrap.afterConnect [as oncomplete] (net.js:1198:14)","level":"error"}
{"meta":"blue.inverse","level":"info","message":"SIGINT send"}
{"message":"starting asch-redeploy...","level":"verbose"}
{"message":"NODE_ENV: undefined","level":"verbose"}
{"meta":"green.inverse","level":"info","message":"Check folder structure in /home/bass/testomgeving/javascript-racer"}
{"meta":"green.underline","level":"info","message":"contract/ ✓"}
{"meta":"green.underline","level":"info","message":"interface/ ✓"}
{"meta":"green.underline","level":"info","message":"model/ ✓"}
{"meta":"green.underline","level":"info","message":"public/ ✓"}
{"meta":"green.underline","level":"info","message":"init.js file ✓"}
{"meta":"inverse","level":"info","message":"starting asch-node in \"/home/bass/testomgeving/asch\" on port 4096"}
{"message":"waiting for 7000ms","level":"verbose"}
{"message":"starting to orchestrate...","level":"verbose"}
{"meta":"white.inverse","level":"info","message":"files are watched in userDevDir: /home/bass/testomgeving/javascript-racer"}
{"meta":"white.underline","level":"info","message":"interface/**.js"}
{"meta":"white.underline","level":"info","message":"model/**.js"}
{"meta":"white.underline","level":"info","message":"contract/**.js"}
{"meta":"white.underline","level":"info","message":"init.js"}
{"message":"register dapp...","level":"info"}
{"message":"finished watching files...","level":"info"}
{"meta":"green","level":"info","message":"check balance..."}
{"message":"in sendMoney()","level":"verbose"}
{"message":"in fetchAddressAndBalancewithSecret()","level":"verbose"}
{"message":"get account information from \"someone manual strong movie roof episode eight spatial brown soldier soup motor\"","level":"verbose"}
{"message":"error in worklflow.js occured","level":"verbose"}
{"message":"ERROR OCCURED","level":"error"}
{"message":"throw in conductor.js line 62","level":"verbose"}
{"message":"Request failed with status code 500","level":"error"}
{"message":"Error: Request failed with status code 500\n    at createError (/usr/local/lib/node_modules/asch-redeploy/node_modules/axios/lib/core/createError.js:16:15)\n    at settle (/usr/local/lib/node_modules/asch-redeploy/node_modules/axios/lib/core/settle.js:18:12)\n    at IncomingMessage.handleStreamEnd (/usr/local/lib/node_modules/asch-redeploy/node_modules/axios/lib/adapters/http.js:201:11)\n    at emitNone (events.js:111:20)\n    at IncomingMessage.emit (events.js:208:7)\n    at endReadableNT (_stream_readable.js:1064:12)\n    at _combinedTickCallback (internal/process/next_tick.js:138:11)\n    at process._tickCallback (internal/process/next_tick.js:180:9)","level":"error"}
{"meta":"blue.inverse","level":"info","message":"SIGINT send"}
{"message":"starting asch-redeploy...","level":"verbose"}
{"message":"NODE_ENV: undefined","level":"verbose"}
{"meta":"green.inverse","level":"info","message":"Check folder structure in /home/bass/testomgeving/javascript-racer"}
{"meta":"green.underline","level":"info","message":"contract/ ✓"}
{"meta":"green.underline","level":"info","message":"interface/ ✓"}
{"meta":"green.underline","level":"info","message":"model/ ✓"}
{"meta":"green.underline","level":"info","message":"public/ ✓"}
{"meta":"green.underline","level":"info","message":"init.js file ✓"}
{"meta":"inverse","level":"info","message":"starting asch-node in \"/home/bass/testomgeving/asch\" on port 4096"}
{"message":"waiting for 7000ms","level":"verbose"}
{"message":"starting to orchestrate...","level":"verbose"}
{"meta":"white.inverse","level":"info","message":"files are watched in userDevDir: /home/bass/testomgeving/javascript-racer"}
{"meta":"white.underline","level":"info","message":"interface/**.js"}
{"meta":"white.underline","level":"info","message":"model/**.js"}
{"meta":"white.underline","level":"info","message":"contract/**.js"}
{"meta":"white.underline","level":"info","message":"init.js"}
{"message":"register dapp...","level":"info"}
{"message":"finished watching files...","level":"info"}
{"meta":"green","level":"info","message":"check balance..."}
{"message":"in sendMoney()","level":"verbose"}
{"message":"in fetchAddressAndBalancewithSecret()","level":"verbose"}
{"message":"get account information from \"someone manual strong movie roof episode eight spatial brown soldier soup motor\"","level":"verbose"}
{"message":"error in worklflow.js occured","level":"verbose"}
{"message":"ERROR OCCURED","level":"error"}
{"message":"throw in conductor.js line 62","level":"verbose"}
{"message":"Request failed with status code 500","level":"error"}
{"message":"Error: Request failed with status code 500\n    at createError (/usr/local/lib/node_modules/asch-redeploy/node_modules/axios/lib/core/createError.js:16:15)\n    at settle (/usr/local/lib/node_modules/asch-redeploy/node_modules/axios/lib/core/settle.js:18:12)\n    at IncomingMessage.handleStreamEnd (/usr/local/lib/node_modules/asch-redeploy/node_modules/axios/lib/adapters/http.js:201:11)\n    at emitNone (events.js:111:20)\n    at IncomingMessage.emit (events.js:208:7)\n    at endReadableNT (_stream_readable.js:1064:12)\n    at _combinedTickCallback (internal/process/next_tick.js:138:11)\n    at process._tickCallback (internal/process/next_tick.js:180:9)","level":"error"}
{"meta":"blue.inverse","level":"info","message":"SIGINT send"}
{"message":"starting asch-redeploy...","level":"verbose"}
{"message":"NODE_ENV: undefined","level":"verbose"}
{"meta":"green.inverse","level":"info","message":"Check folder structure in /home/bass/testomgeving/javascript-racer"}
{"meta":"green.underline","level":"info","message":"contract/ ✓"}
{"meta":"green.underline","level":"info","message":"interface/ ✓"}
{"meta":"green.underline","level":"info","message":"model/ ✓"}
{"meta":"green.underline","level":"info","message":"public/ ✓"}
{"meta":"green.underline","level":"info","message":"init.js file ✓"}
{"meta":"inverse","level":"info","message":"starting asch-node in \"/home/bass/testomgeving/asch\" on port 4096"}
{"message":"waiting for 7000ms","level":"verbose"}
{"message":"starting to orchestrate...","level":"verbose"}
{"meta":"white.inverse","level":"info","message":"files are watched in userDevDir: /home/bass/testomgeving/javascript-racer"}
{"meta":"white.underline","level":"info","message":"interface/**.js"}
{"meta":"white.underline","level":"info","message":"model/**.js"}
{"meta":"white.underline","level":"info","message":"contract/**.js"}
{"meta":"white.underline","level":"info","message":"init.js"}
{"message":"register dapp...","level":"info"}
{"message":"finished watching files...","level":"info"}
{"meta":"green","level":"info","message":"check balance..."}
{"message":"in sendMoney()","level":"verbose"}
{"message":"in fetchAddressAndBalancewithSecret()","level":"verbose"}
{"message":"get account information from \"someone manual strong movie roof episode eight spatial brown soldier soup motor\"","level":"verbose"}
{"message":"in hasGenesisAccountEnoughMoney()","level":"verbose"}
{"message":"has genesisAccount a balance greater 50000?","level":"verbose"}
{"message":"in saveGenesisAccountData()","level":"verbose"}
{"message":"in fetchAddressAndBalancewithSecret()","level":"verbose"}
{"message":"get account information from \"sentence weasel match weather apple onion release keen lens deal fruit matrix\"","level":"verbose"}
{"message":"in hasDappAccountEnoughMoney()","level":"verbose"}
{"message":"has dappAccount a balance greater 1000?","level":"verbose"}
{"message":"enough money on account. No transfer needed. Balance is 6997.9","level":"verbose"}
{"meta":"green","level":"info","message":"starting to register Dapp..."}
{"message":"dapp: {\n  \"name\": \"test-ZEYPcvxLwrAh\",\n  \"link\": \"https://test-BsrBnrDsfPzT.zip\",\n  \"category\": 1,\n  \"description\": \"A hello world demo for asch dapp\",\n  \"tags\": \"asch,dapp,demo\",\n  \"icon\": \"http://o7dyh3w0x.bkt.clouddn.com/hello.png\",\n  \"type\": 0,\n  \"delegates\": [\n    \"db18d5799944030f76b6ce0879b1ca4b0c2c1cee51f53ce9b43f78259950c2fd\",\n    \"590e28d2964b0aa4d7c7b98faee4676d467606c6761f7f41f99c52bb4813b5e4\",\n    \"bfe511158d674c3a1e21111223a49770bee93611d998e88a5d2ea3145de2b68b\",\n    \"7bbf62931cf3c596591a580212631aff51d6bc0577c54769953caadb23f6ab00\",\n    \"452df9213aedb3b9fed6db3e2ea9f49d3db226e2dac01828bc3dcd73b7a953b4\"\n  ],\n  \"unlockDelegates\": 3\n}","level":"info"}
{"meta":"green.inverse","level":"info","message":"DAPP registered, DappId: 54f8efe38a1051bd9925bd1811eaaefffe02b2d5466b1e0ffa6758dc9d787dc8"}
{"meta":"blue.inverse","level":"info","message":"dappId \"54f8efe38a1051bd9925bd1811eaaefffe02b2d5466b1e0ffa6758dc9d787dc8\" successfully added to \"../asch/config.json\""}
{"message":"wait for: 10000","level":"verbose"}
{"meta":"green.inverse","level":"verbose","message":"stopping asch-Server for restart"}
{"meta":"inverse.blue","level":"warn","message":"sending SIGTERM signal to child process"}
{"meta":"green.inverse","level":"verbose","message":"stopping asch-server"}
{"meta":"inverse.blue","level":"info","message":"asch-node exited with code: \"1\""}
{"message":"asch-node terminated with code 1","level":"warn"}
{"meta":"green.inverse","level":"info","message":"starting asch node"}
{"meta":"inverse","level":"info","message":"starting asch-node in \"/home/bass/testomgeving/asch\" on port 4096"}
{"message":"DAPP refuel with 500 XAS, transactionId: \"e78658c43608d978d1cfb2891a9153080ef03ec92eb1cbe807e6c520c8ff6555\"","level":"info"}
{"message":"sleep for 3000ms","level":"verbose"}
{"message":"waiting for file changes...","level":"info"}
{"meta":"inverse","level":"warn","message":"SIGTERM"}
{"message":"starting asch-redeploy...","level":"verbose"}
{"message":"NODE_ENV: undefined","level":"verbose"}
{"meta":"green.inverse","level":"info","message":"Check folder structure in /home/bass/testomgeving/javascript-racer"}
{"meta":"green.underline","level":"info","message":"contract/ ✓"}
{"meta":"green.underline","level":"info","message":"interface/ ✓"}
{"meta":"green.underline","level":"info","message":"model/ ✓"}
{"meta":"green.underline","level":"info","message":"public/ ✓"}
{"meta":"green.underline","level":"info","message":"init.js file ✓"}
{"meta":"inverse","level":"info","message":"starting asch-node in \"/home/bass/testomgeving/asch\" on port 4096"}
{"message":"waiting for 7000ms","level":"verbose"}
{"message":"starting to orchestrate...","level":"verbose"}
{"meta":"white.inverse","level":"info","message":"files are watched in userDevDir: /home/bass/testomgeving/javascript-racer"}
{"meta":"white.underline","level":"info","message":"interface/**.js"}
{"meta":"white.underline","level":"info","message":"model/**.js"}
{"meta":"white.underline","level":"info","message":"contract/**.js"}
{"meta":"white.underline","level":"info","message":"init.js"}
{"message":"register dapp...","level":"info"}
{"message":"finished watching files...","level":"info"}
{"meta":"green","level":"info","message":"check balance..."}
{"message":"in sendMoney()","level":"verbose"}
{"message":"in fetchAddressAndBalancewithSecret()","level":"verbose"}
{"message":"get account information from \"someone manual strong movie roof episode eight spatial brown soldier soup motor\"","level":"verbose"}
{"message":"in hasGenesisAccountEnoughMoney()","level":"verbose"}
{"message":"has genesisAccount a balance greater 50000?","level":"verbose"}
{"message":"in saveGenesisAccountData()","level":"verbose"}
{"message":"in fetchAddressAndBalancewithSecret()","level":"verbose"}
{"message":"get account information from \"sentence weasel match weather apple onion release keen lens deal fruit matrix\"","level":"verbose"}
{"message":"in hasDappAccountEnoughMoney()","level":"verbose"}
{"message":"has dappAccount a balance greater 1000?","level":"verbose"}
{"message":"enough money on account. No transfer needed. Balance is 6397.8","level":"verbose"}
{"meta":"green","level":"info","message":"starting to register Dapp..."}
{"message":"dapp: {\n  \"name\": \"test-ghWQSKuwIteT\",\n  \"link\": \"https://test-cbPpDstZoGyq.zip\",\n  \"category\": 1,\n  \"description\": \"A hello world demo for asch dapp\",\n  \"tags\": \"asch,dapp,demo\",\n  \"icon\": \"http://o7dyh3w0x.bkt.clouddn.com/hello.png\",\n  \"type\": 0,\n  \"delegates\": [\n    \"db18d5799944030f76b6ce0879b1ca4b0c2c1cee51f53ce9b43f78259950c2fd\",\n    \"590e28d2964b0aa4d7c7b98faee4676d467606c6761f7f41f99c52bb4813b5e4\",\n    \"bfe511158d674c3a1e21111223a49770bee93611d998e88a5d2ea3145de2b68b\",\n    \"7bbf62931cf3c596591a580212631aff51d6bc0577c54769953caadb23f6ab00\",\n    \"452df9213aedb3b9fed6db3e2ea9f49d3db226e2dac01828bc3dcd73b7a953b4\"\n  ],\n  \"unlockDelegates\": 3\n}","level":"info"}
{"meta":"green.inverse","level":"info","message":"DAPP registered, DappId: 0e1ad5ad25af17523d7ebfd5afa54b5e83dc3ae7e2f4da3fb6e981d8d7ee3577"}
{"meta":"blue.inverse","level":"info","message":"dappId \"0e1ad5ad25af17523d7ebfd5afa54b5e83dc3ae7e2f4da3fb6e981d8d7ee3577\" successfully added to \"../asch/config.json\""}
{"message":"wait for: 10000","level":"verbose"}
{"meta":"green.inverse","level":"verbose","message":"stopping asch-Server for restart"}
{"meta":"inverse.blue","level":"warn","message":"sending SIGTERM signal to child process"}
{"meta":"green.inverse","level":"verbose","message":"stopping asch-server"}
{"meta":"inverse.blue","level":"info","message":"asch-node exited with code: \"1\""}
{"message":"asch-node terminated with code 1","level":"warn"}
{"meta":"green.inverse","level":"info","message":"starting asch node"}
{"meta":"inverse","level":"info","message":"starting asch-node in \"/home/bass/testomgeving/asch\" on port 4096"}
{"message":"DAPP refuel with 500 XAS, transactionId: \"7321bbb3f22a645ce6e9558a74ca65ec1006ad15b11ba2dab82964d56d1de214\"","level":"info"}
{"message":"sleep for 3000ms","level":"verbose"}
{"message":"waiting for file changes...","level":"info"}
{"meta":"inverse","level":"warn","message":"SIGTERM"}
{"message":"starting asch-redeploy...","level":"verbose"}
{"message":"NODE_ENV: undefined","level":"verbose"}
{"meta":"green.inverse","level":"info","message":"Check folder structure in /home/bass/testomgeving/javascript-racer"}
{"meta":"green.underline","level":"info","message":"contract/ ✓"}
{"meta":"green.underline","level":"info","message":"interface/ ✓"}
{"meta":"green.underline","level":"info","message":"model/ ✓"}
{"meta":"green.underline","level":"info","message":"public/ ✓"}
{"meta":"green.underline","level":"info","message":"init.js file ✓"}
{"meta":"inverse","level":"info","message":"starting asch-node in \"/home/bass/testomgeving/asch\" on port 4096"}
{"message":"waiting for 7000ms","level":"verbose"}
{"message":"starting to orchestrate...","level":"verbose"}
{"meta":"white.inverse","level":"info","message":"files are watched in userDevDir: /home/bass/testomgeving/javascript-racer"}
{"meta":"white.underline","level":"info","message":"interface/**.js"}
{"meta":"white.underline","level":"info","message":"model/**.js"}
{"meta":"white.underline","level":"info","message":"contract/**.js"}
{"meta":"white.underline","level":"info","message":"init.js"}
{"message":"register dapp...","level":"info"}
{"message":"finished watching files...","level":"info"}
{"meta":"green","level":"info","message":"check balance..."}
{"message":"in sendMoney()","level":"verbose"}
{"message":"in fetchAddressAndBalancewithSecret()","level":"verbose"}
{"message":"get account information from \"someone manual strong movie roof episode eight spatial brown soldier soup motor\"","level":"verbose"}
{"message":"in hasGenesisAccountEnoughMoney()","level":"verbose"}
{"message":"has genesisAccount a balance greater 50000?","level":"verbose"}
{"message":"in saveGenesisAccountData()","level":"verbose"}
{"message":"in fetchAddressAndBalancewithSecret()","level":"verbose"}
{"message":"get account information from \"sentence weasel match weather apple onion release keen lens deal fruit matrix\"","level":"verbose"}
{"message":"in hasDappAccountEnoughMoney()","level":"verbose"}
{"message":"has dappAccount a balance greater 1000?","level":"verbose"}
{"message":"enough money on account. No transfer needed. Balance is 5797.7","level":"verbose"}
{"meta":"green","level":"info","message":"starting to register Dapp..."}
{"message":"dapp: {\n  \"name\": \"test-iGeioEmOFiwq\",\n  \"link\": \"https://test-kHomzMOYJfVy.zip\",\n  \"category\": 1,\n  \"description\": \"A hello world demo for asch dapp\",\n  \"tags\": \"asch,dapp,demo\",\n  \"icon\": \"http://o7dyh3w0x.bkt.clouddn.com/hello.png\",\n  \"type\": 0,\n  \"delegates\": [\n    \"db18d5799944030f76b6ce0879b1ca4b0c2c1cee51f53ce9b43f78259950c2fd\",\n    \"590e28d2964b0aa4d7c7b98faee4676d467606c6761f7f41f99c52bb4813b5e4\",\n    \"bfe511158d674c3a1e21111223a49770bee93611d998e88a5d2ea3145de2b68b\",\n    \"7bbf62931cf3c596591a580212631aff51d6bc0577c54769953caadb23f6ab00\",\n    \"452df9213aedb3b9fed6db3e2ea9f49d3db226e2dac01828bc3dcd73b7a953b4\"\n  ],\n  \"unlockDelegates\": 3\n}","level":"info"}
{"meta":"green.inverse","level":"info","message":"DAPP registered, DappId: 0039b047aaaf6d5ff4a5e02803a171c488537a12e68afa5dfb05bb27ad3662c5"}
{"meta":"blue.inverse","level":"info","message":"dappId \"0039b047aaaf6d5ff4a5e02803a171c488537a12e68afa5dfb05bb27ad3662c5\" successfully added to \"../asch/config.json\""}
{"message":"wait for: 10000","level":"verbose"}
{"meta":"green.inverse","level":"verbose","message":"stopping asch-Server for restart"}
{"meta":"inverse.blue","level":"warn","message":"sending SIGTERM signal to child process"}
{"meta":"green.inverse","level":"verbose","message":"stopping asch-server"}
{"meta":"inverse.blue","level":"info","message":"asch-node exited with code: \"1\""}
{"message":"asch-node terminated with code 1","level":"warn"}
{"meta":"green.inverse","level":"info","message":"starting asch node"}
{"meta":"inverse","level":"info","message":"starting asch-node in \"/home/bass/testomgeving/asch\" on port 4096"}
{"message":"DAPP refuel with 500 XAS, transactionId: \"a459b0760b9cac68d7a7e05c79f4f999f52c04b24fd37e9be7ab1727a655586c\"","level":"info"}
{"message":"sleep for 3000ms","level":"verbose"}
{"message":"waiting for file changes...","level":"info"}
